<?xml version="1.0" encoding="UTF-8" standalone="no"?><testsuite errors="0" failures="0" name="Automatizacion SauceDemo" skipped="0" tests="8" time="49.67" timestamp="2023-04-02 04:39:20"><testcase name="Iniciar sesion en Sauce Demo"/><testcase name="Ordenar por precio de menor a mayor"/><testcase name="Agregar un producto al carrito de compras"/><testcase name="Remover un articulo del carro e ir a checkout"/><testcase name="Ingresar informacion de pago y continuar"/><testcase name="Salir de la aplicacion saucedemo"/></testsuite>