<?xml version="1.0" encoding="UTF-8" standalone="no"?><testsuite errors="0" failures="0" name="iniciar sesion en la aplicacion de saucedemo" skipped="0" tests="5" time="25.4" timestamp="2023-03-29 07:18:54"><testcase name="ingresar a la aplicion con credenciales"/><testcase name="agregar objetos al carro de compras"/><testcase name="remover un articulo del carro e ir a checkout"/><testcase name="ingresar informacion de pago y continuar"/><testcase name="salir de la aplicacion saucedemo"/></testsuite>